
  .   ____          _            __ _ _
 /\\ / ___'_ __ _ _(_)_ __  __ _ \ \ \ \
( ( )\___ | '_ | '_| | '_ \/ _` | \ \ \ \
 \\/  ___)| |_)| | | | | || (_| |  ) ) ) )
  '  |____| .__|_| |_|_| |_\__, | / / / /
 =========|_|==============|___/=/_/_/_/

 :: Spring Boot ::                (v4.0.6)

2026-05-15T15:22:08.868+05:30  INFO 1176 --- [CHESS-Engine-Backend] [           main] c.s.C.ChessEngineBackendApplication      : Starting ChessEngineBackendApplication v0.0.1-SNAPSHOT using Java 25.0.1 with PID 1176 (C:\Users\DELL\Desktop\CHESS ENGINE\web\CHESS-Engine\backend\target\CHESS-Engine-Backend-0.0.1-SNAPSHOT.jar started by DELL in C:\Users\DELL\Desktop\CHESS ENGINE\web\CHESS-Engine\backend)
2026-05-15T15:22:08.874+05:30  INFO 1176 --- [CHESS-Engine-Backend] [           main] c.s.C.ChessEngineBackendApplication      : No active profile set, falling back to 1 default profile: "default"
2026-05-15T15:22:10.762+05:30  INFO 1176 --- [CHESS-Engine-Backend] [           main] .s.d.r.c.RepositoryConfigurationDelegate : Bootstrapping Spring Data JPA repositories in DEFAULT mode.
2026-05-15T15:22:10.802+05:30  INFO 1176 --- [CHESS-Engine-Backend] [           main] .s.d.r.c.RepositoryConfigurationDelegate : Finished Spring Data repository scanning in 22 ms. Found 0 JPA repository interfaces.
2026-05-15T15:22:10.999+05:30  INFO 1176 --- [CHESS-Engine-Backend] [           main] faultConfiguringBeanFactoryPostProcessor : No bean named 'errorChannel' has been explicitly defined. Therefore, a default PublishSubscribeChannel will be created.
2026-05-15T15:22:11.014+05:30  INFO 1176 --- [CHESS-Engine-Backend] [           main] faultConfiguringBeanFactoryPostProcessor : No bean named 'integrationHeaderChannelRegistry' has been explicitly defined. Therefore, a default DefaultHeaderChannelRegistry will be created.
2026-05-15T15:22:12.050+05:30  INFO 1176 --- [CHESS-Engine-Backend] [           main] o.s.boot.tomcat.TomcatWebServer          : Tomcat initialized with port 8080 (http)
2026-05-15T15:22:12.077+05:30  INFO 1176 --- [CHESS-Engine-Backend] [           main] o.apache.catalina.core.StandardService   : Starting service [Tomcat]
2026-05-15T15:22:12.078+05:30  INFO 1176 --- [CHESS-Engine-Backend] [           main] o.apache.catalina.core.StandardEngine    : Starting Servlet engine: [Apache Tomcat/11.0.21]
2026-05-15T15:22:12.144+05:30  INFO 1176 --- [CHESS-Engine-Backend] [           main] b.w.c.s.WebApplicationContextInitializer : Root WebApplicationContext: initialization completed in 3143 ms
2026-05-15T15:22:12.270+05:30  WARN 1176 --- [CHESS-Engine-Backend] [           main] ConfigServletWebServerApplicationContext : Exception encountered during context initialization - cancelling refresh attempt: org.springframework.beans.factory.BeanCreationException: Error creating bean with name 'entityManagerFactory' defined in class path resource [org/springframework/boot/hibernate/autoconfigure/HibernateJpaConfiguration.class]: Failed to initialize dependency 'dataSourceScriptDatabaseInitializer' of LoadTimeWeaverAware bean 'entityManagerFactory': Error creating bean with name 'dataSourceScriptDatabaseInitializer' defined in class path resource [org/springframework/boot/jdbc/autoconfigure/DataSourceInitializationAutoConfiguration.class]: Unsatisfied dependency expressed through method 'dataSourceScriptDatabaseInitializer' parameter 0: Error creating bean with name 'dataSource' defined in class path resource [org/springframework/boot/jdbc/autoconfigure/DataSourceConfiguration$Hikari.class]: Failed to instantiate [com.zaxxer.hikari.HikariDataSource]: Factory method 'dataSource' threw exception with message: Failed to determine a suitable driver class
2026-05-15T15:22:12.276+05:30  INFO 1176 --- [CHESS-Engine-Backend] [           main] o.apache.catalina.core.StandardService   : Stopping service [Tomcat]
2026-05-15T15:22:12.298+05:30  INFO 1176 --- [CHESS-Engine-Backend] [           main] .s.b.a.l.ConditionEvaluationReportLogger : 

Error starting ApplicationContext. To display the condition evaluation report re-run your application with 'debug' enabled.
2026-05-15T15:22:12.337+05:30 ERROR 1176 --- [CHESS-Engine-Backend] [           main] o.s.b.d.LoggingFailureAnalysisReporter   : 

***************************
APPLICATION FAILED TO START
***************************

Description:

Failed to configure a DataSource: 'url' attribute is not specified and no embedded datasource could be configured.

Reason: Failed to determine a suitable driver class


Action:

Consider the following:
	If you want an embedded database (H2, HSQL or Derby), please put it on the classpath.
	If you have database settings to be loaded from a particular profile you may need to activate it (no profiles are currently active).

