[INFO] Scanning for projects...
[INFO] 
[INFO] -----------------< com.sarun_2_7:CHESS-Engine-Backend >-----------------
[INFO] Building  0.0.1-SNAPSHOT
[INFO]   from pom.xml
[INFO] --------------------------------[ jar ]---------------------------------
[INFO] 
[INFO] --- resources:3.3.1:resources (default-resources) @ CHESS-Engine-Backend ---
[INFO] Copying 1 resource from src\main\resources to target\classes
[INFO] Copying 1 resource from src\main\resources to target\classes
[INFO] 
[INFO] --- compiler:3.14.1:compile (default-compile) @ CHESS-Engine-Backend ---
[INFO] Recompiling the module because of changed source code.
[INFO] Compiling 7 source files with javac [debug parameters release 21] to target\classes
WARNING: A terminally deprecated method in sun.misc.Unsafe has been called
WARNING: sun.misc.Unsafe::objectFieldOffset has been called by lombok.permit.Permit
WARNING: Please consider reporting this to the maintainers of class lombok.permit.Permit
WARNING: sun.misc.Unsafe::objectFieldOffset will be removed in a future release
[INFO] -------------------------------------------------------------
[ERROR] COMPILATION ERROR : 
[INFO] -------------------------------------------------------------
[ERROR] /C:/Users/DELL/Desktop/CHESS ENGINE/web/CHESS-Engine/backend/src/main/java/com/sarun_2_7/CHESS_Engine_Backend/ChessEngineBackendApplication.java:[6,51] package org.springframework.boot.autoconfigure.jdbc does not exist
[ERROR] /C:/Users/DELL/Desktop/CHESS ENGINE/web/CHESS-Engine/backend/src/main/java/com/sarun_2_7/CHESS_Engine_Backend/ChessEngineBackendApplication.java:[8,35] cannot find symbol
  symbol: class DataSourceAutoConfiguration
[INFO] 2 errors 
[INFO] -------------------------------------------------------------
[INFO] ------------------------------------------------------------------------
[INFO] BUILD FAILURE
[INFO] ------------------------------------------------------------------------
[INFO] Total time:  7.533 s
[INFO] Finished at: 2026-05-16T09:53:51+05:30
[INFO] ------------------------------------------------------------------------
[ERROR] Failed to execute goal org.apache.maven.plugins:maven-compiler-plugin:3.14.1:compile (default-compile) on project CHESS-Engine-Backend: Compilation failure: Compilation failure: 
[ERROR] /C:/Users/DELL/Desktop/CHESS ENGINE/web/CHESS-Engine/backend/src/main/java/com/sarun_2_7/CHESS_Engine_Backend/ChessEngineBackendApplication.java:[6,51] package org.springframework.boot.autoconfigure.jdbc does not exist
[ERROR] /C:/Users/DELL/Desktop/CHESS ENGINE/web/CHESS-Engine/backend/src/main/java/com/sarun_2_7/CHESS_Engine_Backend/ChessEngineBackendApplication.java:[8,35] cannot find symbol
[ERROR]   symbol: class DataSourceAutoConfiguration
[ERROR] -> [Help 1]
[ERROR] 
[ERROR] To see the full stack trace of the errors, re-run Maven with the -e switch.
[ERROR] Re-run Maven using the -X switch to enable full debug logging.
[ERROR] 
[ERROR] For more information about the errors and possible solutions, please read the following articles:
[ERROR] [Help 1] http://cwiki.apache.org/confluence/display/MAVEN/MojoFailureException
